<?xml version="1.0" encoding="UTF-8"?>
<!-- Generated by org.testng.reporters.JUnitReportReporter -->
<testsuite hostname="DESKTOP-383AQQU" failures="1" tests="1" name="Day6.JSONSchemaValidation" time="4.629" errors="0" timestamp="2024-08-26T23:21:01 IST" skipped="0">
  <testcase classname="Day6.JSONSchemaValidation" name="jsonSchemaValidation" time="4.629">
    <failure message="1 expectation failed.
Response body doesn&#039;t match expectation.
Expected: The content to match the given JSON schema.
error: instance type (string) does not match any allowed primitive type (allowed: [&quot;integer&quot;,&quot;number&quot;])
    level: &quot;error&quot;
    schema: {&quot;loadingURI&quot;:&quot;file:/D:/eclipse/eclipse/eclipse-workspace/selenium/API_RESTAssuredDemo1/target/test-classes/StoreJsonSchema.json#&quot;,&quot;pointer&quot;:&quot;/definitions/Book/properties/author&quot;}
    instance: {&quot;pointer&quot;:&quot;/book/0/author&quot;}
    domain: &quot;validation&quot;
    keyword: &quot;type&quot;
    found: &quot;string&quot;
    expected: [&quot;integer&quot;,&quot;number&quot;]
error: instance type (number) does not match any allowed primitive type (allowed: [&quot;string&quot;])
    level: &quot;error&quot;
    schema: {&quot;loadingURI&quot;:&quot;file:/D:/eclipse/eclipse/eclipse-workspace/selenium/API_RESTAssuredDemo1/target/test-classes/StoreJsonSchema.json#&quot;,&quot;pointer&quot;:&quot;/definitions/Book/properties/price&quot;}
    instance: {&quot;pointer&quot;:&quot;/book/0/price&quot;}
    domain: &quot;validation&quot;
    keyword: &quot;type&quot;
    found: &quot;number&quot;
    expected: [&quot;string&quot;]

  Actual: {
  &quot;book&quot;: [
    {
      &quot;author&quot;: &quot;Nigel Rees&quot;,
      &quot;category&quot;: &quot;reference&quot;,
      &quot;price&quot;: 8.95,
      &quot;title&quot;: &quot;Sayings of the Century&quot;
    },
    {
      &quot;author&quot;: &quot;Evelyn Waugh&quot;,
      &quot;category&quot;: &quot;fiction&quot;,
      &quot;price&quot;: 12.99,
      &quot;title&quot;: &quot;Sword of Honour&quot;
    },
    {
      &quot;author&quot;: &quot;Herman Melville&quot;,
      &quot;category&quot;: &quot;fiction&quot;,
      &quot;isbn&quot;: &quot;0-553-21311-3&quot;,
      &quot;price&quot;: 8.99,
      &quot;title&quot;: &quot;Moby Dick&quot;
    },
    {
      &quot;author&quot;: &quot;J. R. R. Tolkien&quot;,
      &quot;category&quot;: &quot;fiction&quot;,
      &quot;isbn&quot;: &quot;0-395-19395-8&quot;,
      &quot;price&quot;: 22.99,
      &quot;title&quot;: &quot;The Lord of the Rings&quot;
    }
  ]
}
" type="java.lang.AssertionError">
      <![CDATA[java.lang.AssertionError: 1 expectation failed.
Response body doesn't match expectation.
Expected: The content to match the given JSON schema.
error: instance type (string) does not match any allowed primitive type (allowed: ["integer","number"])
    level: "error"
    schema: {"loadingURI":"file:/D:/eclipse/eclipse/eclipse-workspace/selenium/API_RESTAssuredDemo1/target/test-classes/StoreJsonSchema.json#","pointer":"/definitions/Book/properties/author"}
    instance: {"pointer":"/book/0/author"}
    domain: "validation"
    keyword: "type"
    found: "string"
    expected: ["integer","number"]
error: instance type (number) does not match any allowed primitive type (allowed: ["string"])
    level: "error"
    schema: {"loadingURI":"file:/D:/eclipse/eclipse/eclipse-workspace/selenium/API_RESTAssuredDemo1/target/test-classes/StoreJsonSchema.json#","pointer":"/definitions/Book/properties/price"}
    instance: {"pointer":"/book/0/price"}
    domain: "validation"
    keyword: "type"
    found: "number"
    expected: ["string"]

  Actual: {
  "book": [
    {
      "author": "Nigel Rees",
      "category": "reference",
      "price": 8.95,
      "title": "Sayings of the Century"
    },
    {
      "author": "Evelyn Waugh",
      "category": "fiction",
      "price": 12.99,
      "title": "Sword of Honour"
    },
    {
      "author": "Herman Melville",
      "category": "fiction",
      "isbn": "0-553-21311-3",
      "price": 8.99,
      "title": "Moby Dick"
    },
    {
      "author": "J. R. R. Tolkien",
      "category": "fiction",
      "isbn": "0-395-19395-8",
      "price": 22.99,
      "title": "The Lord of the Rings"
    }
  ]
}

at java.base/jdk.internal.reflect.NativeConstructorAccessorImpl.newInstance0(Native Method)
at java.base/jdk.internal.reflect.NativeConstructorAccessorImpl.newInstance(NativeConstructorAccessorImpl.java:77)
at java.base/jdk.internal.reflect.DelegatingConstructorAccessorImpl.newInstance(DelegatingConstructorAccessorImpl.java:45)
at java.base/java.lang.reflect.Constructor.newInstanceWithCaller(Constructor.java:499)
at java.base/java.lang.reflect.Constructor.newInstance(Constructor.java:480)
at org.codehaus.groovy.reflection.CachedConstructor.invoke(CachedConstructor.java:73)
at org.codehaus.groovy.runtime.callsite.ConstructorSite$ConstructorSiteNoUnwrapNoCoerce.callConstructor(ConstructorSite.java:108)
at org.codehaus.groovy.runtime.callsite.CallSiteArray.defaultCallConstructor(CallSiteArray.java:57)
at org.codehaus.groovy.runtime.callsite.AbstractCallSite.callConstructor(AbstractCallSite.java:263)
at org.codehaus.groovy.runtime.callsite.AbstractCallSite.callConstructor(AbstractCallSite.java:277)
at io.restassured.internal.ResponseSpecificationImpl$HamcrestAssertionClosure.validate(ResponseSpecificationImpl.groovy:512)
at io.restassured.internal.ResponseSpecificationImpl$HamcrestAssertionClosure$validate$1.call(Unknown Source)
at io.restassured.internal.ResponseSpecificationImpl.validateResponseIfRequired(ResponseSpecificationImpl.groovy:696)
at io.restassured.internal.ResponseSpecificationImpl.this$2$validateResponseIfRequired(ResponseSpecificationImpl.groovy)
at java.base/jdk.internal.reflect.NativeMethodAccessorImpl.invoke0(Native Method)
at java.base/jdk.internal.reflect.NativeMethodAccessorImpl.invoke(NativeMethodAccessorImpl.java:77)
at java.base/jdk.internal.reflect.DelegatingMethodAccessorImpl.invoke(DelegatingMethodAccessorImpl.java:43)
at java.base/java.lang.reflect.Method.invoke(Method.java:568)
at org.codehaus.groovy.runtime.callsite.PlainObjectMetaMethodSite.doInvoke(PlainObjectMetaMethodSite.java:43)
at org.codehaus.groovy.runtime.callsite.PogoMetaMethodSite$PogoCachedMethodSiteNoUnwrapNoCoerce.invoke(PogoMetaMethodSite.java:198)
at org.codehaus.groovy.runtime.callsite.PogoMetaMethodSite.callCurrent(PogoMetaMethodSite.java:62)
at org.codehaus.groovy.runtime.callsite.CallSiteArray.defaultCallCurrent(CallSiteArray.java:49)
at org.codehaus.groovy.runtime.callsite.AbstractCallSite.callCurrent(AbstractCallSite.java:171)
at org.codehaus.groovy.runtime.callsite.AbstractCallSite.callCurrent(AbstractCallSite.java:185)
at io.restassured.internal.ResponseSpecificationImpl.body(ResponseSpecificationImpl.groovy:107)
at io.restassured.internal.ValidatableResponseOptionsImpl.body(ValidatableResponseOptionsImpl.java:238)
at Day6.JSONSchemaValidation.jsonSchemaValidation(JSONSchemaValidation.java:21)
at java.base/jdk.internal.reflect.NativeMethodAccessorImpl.invoke0(Native Method)
at java.base/jdk.internal.reflect.NativeMethodAccessorImpl.invoke(NativeMethodAccessorImpl.java:77)
at java.base/jdk.internal.reflect.DelegatingMethodAccessorImpl.invoke(DelegatingMethodAccessorImpl.java:43)
at java.base/java.lang.reflect.Method.invoke(Method.java:568)
at org.testng.internal.invokers.MethodInvocationHelper.invokeMethod(MethodInvocationHelper.java:141)
at org.testng.internal.invokers.TestInvoker.invokeMethod(TestInvoker.java:686)
at org.testng.internal.invokers.TestInvoker.invokeTestMethod(TestInvoker.java:230)
at org.testng.internal.invokers.MethodRunner.runInSequence(MethodRunner.java:63)
at org.testng.internal.invokers.TestInvoker$MethodInvocationAgent.invoke(TestInvoker.java:992)
at org.testng.internal.invokers.TestInvoker.invokeTestMethods(TestInvoker.java:203)
at org.testng.internal.invokers.TestMethodWorker.invokeTestMethods(TestMethodWorker.java:154)
at org.testng.internal.invokers.TestMethodWorker.run(TestMethodWorker.java:134)
at java.base/java.util.ArrayList.forEach(ArrayList.java:1511)
at org.testng.TestRunner.privateRun(TestRunner.java:739)
at org.testng.TestRunner.run(TestRunner.java:614)
at org.testng.SuiteRunner.runTest(SuiteRunner.java:421)
at org.testng.SuiteRunner.runSequentially(SuiteRunner.java:413)
at org.testng.SuiteRunner.privateRun(SuiteRunner.java:373)
at org.testng.SuiteRunner.run(SuiteRunner.java:312)
at org.testng.SuiteRunnerWorker.runSuite(SuiteRunnerWorker.java:52)
at org.testng.SuiteRunnerWorker.run(SuiteRunnerWorker.java:95)
at org.testng.TestNG.runSuitesSequentially(TestNG.java:1274)
at org.testng.TestNG.runSuitesLocally(TestNG.java:1208)
at org.testng.TestNG.runSuites(TestNG.java:1112)
at org.testng.TestNG.run(TestNG.java:1079)
at org.testng.remote.AbstractRemoteTestNG.run(AbstractRemoteTestNG.java:115)
at org.testng.remote.RemoteTestNG.initAndRun(RemoteTestNG.java:293)
at org.testng.remote.RemoteTestNG.main(RemoteTestNG.java:91)
]]>
    </failure>
  </testcase> <!-- jsonSchemaValidation -->
</testsuite> <!-- Day6.JSONSchemaValidation -->
